Started POST "/users" for ::1 at 2019-12-03 16:49:46 -0500
  
PG::ConnectionBad (could not connect to server: No such file or directory
	Is the server running locally and accepting
	connections on Unix domain socket "/tmp/.s.PGSQL.5432"?
):
  
pg (1.1.4) lib/pg.rb:56:in `initialize'
pg (1.1.4) lib/pg.rb:56:in `new'
pg (1.1.4) lib/pg.rb:56:in `connect'
activerecord (6.0.1) lib/active_record/connection_adapters/postgresql_adapter.rb:46:in `postgresql_connection'
activerecord (6.0.1) lib/active_record/connection_adapters/abstract/connection_pool.rb:889:in `new_connection'
activerecord (6.0.1) lib/active_record/connection_adapters/abstract/connection_pool.rb:933:in `checkout_new_connection'
activerecord (6.0.1) lib/active_record/connection_adapters/abstract/connection_pool.rb:912:in `try_to_checkout_new_connection'
activerecord (6.0.1) lib/active_record/connection_adapters/abstract/connection_pool.rb:873:in `acquire_connection'
activerecord (6.0.1) lib/active_record/connection_adapters/abstract/connection_pool.rb:595:in `checkout'
activerecord (6.0.1) lib/active_record/connection_adapters/abstract/connection_pool.rb:439:in `connection'
activerecord (6.0.1) lib/active_record/connection_adapters/abstract/connection_pool.rb:1121:in `retrieve_connection'
activerecord (6.0.1) lib/active_record/connection_handling.rb:238:in `retrieve_connection'
activerecord (6.0.1) lib/active_record/connection_handling.rb:206:in `connection'
activerecord (6.0.1) lib/active_record/migration.rb:562:in `call'
actionpack (6.0.1) lib/action_dispatch/middleware/callbacks.rb:27:in `block in call'
activesupport (6.0.1) lib/active_support/callbacks.rb:101:in `run_callbacks'
actionpack (6.0.1) lib/action_dispatch/middleware/callbacks.rb:26:in `call'
actionpack (6.0.1) lib/action_dispatch/middleware/executor.rb:14:in `call'
actionpack (6.0.1) lib/action_dispatch/middleware/actionable_exceptions.rb:17:in `call'
actionpack (6.0.1) lib/action_dispatch/middleware/debug_exceptions.rb:32:in `call'
actionpack (6.0.1) lib/action_dispatch/middleware/show_exceptions.rb:33:in `call'
railties (6.0.1) lib/rails/rack/logger.rb:38:in `call_app'
railties (6.0.1) lib/rails/rack/logger.rb:26:in `block in call'
activesupport (6.0.1) lib/active_support/tagged_logging.rb:80:in `block in tagged'
activesupport (6.0.1) lib/active_support/tagged_logging.rb:28:in `tagged'
activesupport (6.0.1) lib/active_support/tagged_logging.rb:80:in `tagged'
railties (6.0.1) lib/rails/rack/logger.rb:26:in `call'
actionpack (6.0.1) lib/action_dispatch/middleware/remote_ip.rb:81:in `call'
actionpack (6.0.1) lib/action_dispatch/middleware/request_id.rb:27:in `call'
rack (2.0.7) lib/rack/runtime.rb:22:in `call'
activesupport (6.0.1) lib/active_support/cache/strategy/local_cache_middleware.rb:29:in `call'
actionpack (6.0.1) lib/action_dispatch/middleware/executor.rb:14:in `call'
actionpack (6.0.1) lib/action_dispatch/middleware/static.rb:126:in `call'
rack (2.0.7) lib/rack/sendfile.rb:111:in `call'
actionpack (6.0.1) lib/action_dispatch/middleware/host_authorization.rb:83:in `call'
railties (6.0.1) lib/rails/engine.rb:526:in `call'
puma (4.3.0) lib/puma/configuration.rb:228:in `call'
puma (4.3.0) lib/puma/server.rb:667:in `handle_request'
puma (4.3.0) lib/puma/server.rb:470:in `process_client'
puma (4.3.0) lib/puma/server.rb:328:in `block in run'
puma (4.3.0) lib/puma/thread_pool.rb:134:in `block in spawn_thread'
  [1m[35m (395.2ms)[0m  [1m[35mCREATE DATABASE "nightlife_development" ENCODING = 'unicode'[0m
  [1m[35m (358.0ms)[0m  [1m[35mCREATE DATABASE "nightlife_test" ENCODING = 'unicode'[0m
  [1m[35m (39.5ms)[0m  [1m[35mCREATE TABLE "schema_migrations" ("version" character varying NOT NULL PRIMARY KEY)[0m
  [1m[35m (11.1ms)[0m  [1m[35mCREATE TABLE "ar_internal_metadata" ("key" character varying NOT NULL PRIMARY KEY, "value" character varying, "created_at" timestamp(6) NOT NULL, "updated_at" timestamp(6) NOT NULL)[0m
  [1m[35m (1.3ms)[0m  [1m[34mSELECT pg_try_advisory_lock(6911384658799595310)[0m
  [1m[35m (2.9ms)[0m  [1m[34mSELECT "schema_migrations"."version" FROM "schema_migrations" ORDER BY "schema_migrations"."version" ASC[0m
Migrating to CreateUsers (20191202163624)
  [1m[35m (0.2ms)[0m  [1m[35mBEGIN[0m
  [1m[35m (24.7ms)[0m  [1m[35mCREATE TABLE "users" ("id" bigserial primary key, "name" character varying, "password" character varying, "email" character varying, "created_at" timestamp(6) NOT NULL, "updated_at" timestamp(6) NOT NULL)[0m
  [1m[36mprimary::SchemaMigration Create (1.0ms)[0m  [1m[32mINSERT INTO "schema_migrations" ("version") VALUES ($1) RETURNING "version"[0m  [["version", "20191202163624"]]
  [1m[35m (1.4ms)[0m  [1m[35mCOMMIT[0m
Migrating to CreateEvents (20191202164200)
  [1m[35m (0.4ms)[0m  [1m[35mBEGIN[0m
  [1m[35m (14.8ms)[0m  [1m[35mCREATE TABLE "events" ("id" bigserial primary key, "title" character varying, "date" timestamp, "location" character varying, "genre" character varying, "cost" integer, "created_at" timestamp(6) NOT NULL, "updated_at" timestamp(6) NOT NULL)[0m
  [1m[36mprimary::SchemaMigration Create (0.5ms)[0m  [1m[32mINSERT INTO "schema_migrations" ("version") VALUES ($1) RETURNING "version"[0m  [["version", "20191202164200"]]
  [1m[35m (1.6ms)[0m  [1m[35mCOMMIT[0m
Migrating to CreateUsersEvents (20191202164328)
  [1m[35m (0.6ms)[0m  [1m[35mBEGIN[0m
  [1m[35m (10.8ms)[0m  [1m[35mCREATE TABLE "users_events" ("id" bigserial primary key, "event_id" integer, "user_id" integer, "created_at" timestamp(6) NOT NULL, "updated_at" timestamp(6) NOT NULL)[0m
  [1m[36mprimary::SchemaMigration Create (0.5ms)[0m  [1m[32mINSERT INTO "schema_migrations" ("version") VALUES ($1) RETURNING "version"[0m  [["version", "20191202164328"]]
  [1m[35m (1.5ms)[0m  [1m[35mCOMMIT[0m
  [1m[36mActiveRecord::InternalMetadata Load (0.8ms)[0m  [1m[34mSELECT "ar_internal_metadata".* FROM "ar_internal_metadata" WHERE "ar_internal_metadata"."key" = $1 LIMIT $2[0m  [["key", "environment"], ["LIMIT", 1]]
  [1m[35m (0.2ms)[0m  [1m[35mBEGIN[0m
  [1m[36mActiveRecord::InternalMetadata Create (3.0ms)[0m  [1m[32mINSERT INTO "ar_internal_metadata" ("key", "value", "created_at", "updated_at") VALUES ($1, $2, $3, $4) RETURNING "key"[0m  [["key", "environment"], ["value", "development"], ["created_at", "2019-12-03 21:56:08.806891"], ["updated_at", "2019-12-03 21:56:08.806891"]]
  [1m[35m (1.4ms)[0m  [1m[35mCOMMIT[0m
  [1m[35m (0.4ms)[0m  [1m[34mSELECT pg_advisory_unlock(6911384658799595310)[0m
  [1m[35m (2.0ms)[0m  [1m[34mSELECT "schema_migrations"."version" FROM "schema_migrations" ORDER BY "schema_migrations"."version" ASC[0m
Started GET "/new" for ::1 at 2019-12-03 16:57:14 -0500
  [1m[35m (1.3ms)[0m  [1m[34mSELECT "schema_migrations"."version" FROM "schema_migrations" ORDER BY "schema_migrations"."version" ASC[0m
  
ActionController::RoutingError (No route matches [GET] "/new"):
  
actionpack (6.0.1) lib/action_dispatch/middleware/debug_exceptions.rb:36:in `call'
actionpack (6.0.1) lib/action_dispatch/middleware/show_exceptions.rb:33:in `call'
railties (6.0.1) lib/rails/rack/logger.rb:38:in `call_app'
railties (6.0.1) lib/rails/rack/logger.rb:26:in `block in call'
activesupport (6.0.1) lib/active_support/tagged_logging.rb:80:in `block in tagged'
activesupport (6.0.1) lib/active_support/tagged_logging.rb:28:in `tagged'
activesupport (6.0.1) lib/active_support/tagged_logging.rb:80:in `tagged'
railties (6.0.1) lib/rails/rack/logger.rb:26:in `call'
actionpack (6.0.1) lib/action_dispatch/middleware/remote_ip.rb:81:in `call'
actionpack (6.0.1) lib/action_dispatch/middleware/request_id.rb:27:in `call'
rack (2.0.7) lib/rack/runtime.rb:22:in `call'
activesupport (6.0.1) lib/active_support/cache/strategy/local_cache_middleware.rb:29:in `call'
actionpack (6.0.1) lib/action_dispatch/middleware/executor.rb:14:in `call'
actionpack (6.0.1) lib/action_dispatch/middleware/static.rb:126:in `call'
rack (2.0.7) lib/rack/sendfile.rb:111:in `call'
actionpack (6.0.1) lib/action_dispatch/middleware/host_authorization.rb:83:in `call'
railties (6.0.1) lib/rails/engine.rb:526:in `call'
puma (4.3.0) lib/puma/configuration.rb:228:in `call'
puma (4.3.0) lib/puma/server.rb:667:in `handle_request'
puma (4.3.0) lib/puma/server.rb:470:in `process_client'
puma (4.3.0) lib/puma/server.rb:328:in `block in run'
puma (4.3.0) lib/puma/thread_pool.rb:134:in `block in spawn_thread'
Started OPTIONS "/users" for ::1 at 2019-12-03 17:05:00 -0500
  [1m[35m (1.1ms)[0m  [1m[34mSELECT "schema_migrations"."version" FROM "schema_migrations" ORDER BY "schema_migrations"."version" ASC[0m
  
ActionController::RoutingError (No route matches [OPTIONS] "/users"):
  
actionpack (6.0.1) lib/action_dispatch/middleware/debug_exceptions.rb:36:in `call'
actionpack (6.0.1) lib/action_dispatch/middleware/show_exceptions.rb:33:in `call'
railties (6.0.1) lib/rails/rack/logger.rb:38:in `call_app'
railties (6.0.1) lib/rails/rack/logger.rb:26:in `block in call'
activesupport (6.0.1) lib/active_support/tagged_logging.rb:80:in `block in tagged'
activesupport (6.0.1) lib/active_support/tagged_logging.rb:28:in `tagged'
activesupport (6.0.1) lib/active_support/tagged_logging.rb:80:in `tagged'
railties (6.0.1) lib/rails/rack/logger.rb:26:in `call'
actionpack (6.0.1) lib/action_dispatch/middleware/remote_ip.rb:81:in `call'
actionpack (6.0.1) lib/action_dispatch/middleware/request_id.rb:27:in `call'
rack (2.0.7) lib/rack/runtime.rb:22:in `call'
activesupport (6.0.1) lib/active_support/cache/strategy/local_cache_middleware.rb:29:in `call'
actionpack (6.0.1) lib/action_dispatch/middleware/executor.rb:14:in `call'
actionpack (6.0.1) lib/action_dispatch/middleware/static.rb:126:in `call'
rack (2.0.7) lib/rack/sendfile.rb:111:in `call'
actionpack (6.0.1) lib/action_dispatch/middleware/host_authorization.rb:83:in `call'
railties (6.0.1) lib/rails/engine.rb:526:in `call'
puma (4.3.0) lib/puma/configuration.rb:228:in `call'
puma (4.3.0) lib/puma/server.rb:667:in `handle_request'
puma (4.3.0) lib/puma/server.rb:470:in `process_client'
puma (4.3.0) lib/puma/server.rb:328:in `block in run'
puma (4.3.0) lib/puma/thread_pool.rb:134:in `block in spawn_thread'
Started POST "/users" for ::1 at 2019-12-03 17:12:19 -0500
  [1m[35m (2.6ms)[0m  [1m[34mSELECT "schema_migrations"."version" FROM "schema_migrations" ORDER BY "schema_migrations"."version" ASC[0m
Processing by UsersController#create as JSON
  Parameters: {"name"=>"yo", "password"=>"[FILTERED]", "email"=>"yo", "user"=>{"name"=>"yo", "password"=>"[FILTERED]", "email"=>"yo"}}
  [1m[35m (0.3ms)[0m  [1m[35mBEGIN[0m
  ↳ app/controllers/users_controller.rb:8:in `create'
  [1m[36mUser Create (5.8ms)[0m  [1m[32mINSERT INTO "users" ("name", "email", "created_at", "updated_at") VALUES ($1, $2, $3, $4) RETURNING "id"[0m  [["name", "yo"], ["email", "yo"], ["created_at", "2019-12-03 22:12:19.912364"], ["updated_at", "2019-12-03 22:12:19.912364"]]
  ↳ app/controllers/users_controller.rb:8:in `create'
  [1m[35m (1.8ms)[0m  [1m[35mCOMMIT[0m
  ↳ app/controllers/users_controller.rb:8:in `create'
Completed 200 OK in 35ms (Views: 2.0ms | ActiveRecord: 16.7ms | Allocations: 6212)


Started POST "/users" for ::1 at 2019-12-03 17:15:37 -0500
Processing by UsersController#create as JSON
  Parameters: {"name"=>"yo", "password"=>"[FILTERED]", "email"=>"yo", "user"=>{"name"=>"yo", "password"=>"[FILTERED]", "email"=>"yo"}}
  [1m[35m (3.5ms)[0m  [1m[35mBEGIN[0m
  ↳ app/controllers/users_controller.rb:8:in `create'
  [1m[36mUser Create (7.3ms)[0m  [1m[32mINSERT INTO "users" ("name", "email", "created_at", "updated_at") VALUES ($1, $2, $3, $4) RETURNING "id"[0m  [["name", "yo"], ["email", "yo"], ["created_at", "2019-12-03 22:15:37.709410"], ["updated_at", "2019-12-03 22:15:37.709410"]]
  ↳ app/controllers/users_controller.rb:8:in `create'
  [1m[35m (1.6ms)[0m  [1m[35mCOMMIT[0m
  ↳ app/controllers/users_controller.rb:8:in `create'
Completed 200 OK in 24ms (Views: 0.9ms | ActiveRecord: 12.4ms | Allocations: 2302)


Started POST "/users" for ::1 at 2019-12-03 17:16:43 -0500
Processing by UsersController#create as JSON
  Parameters: {"name"=>"yo", "password"=>"[FILTERED]", "email"=>"yo", "user"=>{"name"=>"yo", "password"=>"[FILTERED]", "email"=>"yo"}}
  [1m[35m (2.5ms)[0m  [1m[35mBEGIN[0m
  ↳ app/controllers/users_controller.rb:8:in `create'
  [1m[36mUser Create (1.8ms)[0m  [1m[32mINSERT INTO "users" ("name", "email", "created_at", "updated_at") VALUES ($1, $2, $3, $4) RETURNING "id"[0m  [["name", "yo"], ["email", "yo"], ["created_at", "2019-12-03 22:16:43.982363"], ["updated_at", "2019-12-03 22:16:43.982363"]]
  ↳ app/controllers/users_controller.rb:8:in `create'
  [1m[35m (5.0ms)[0m  [1m[35mCOMMIT[0m
  ↳ app/controllers/users_controller.rb:8:in `create'
Completed 200 OK in 19ms (Views: 0.8ms | ActiveRecord: 9.3ms | Allocations: 2302)


Started POST "/users" for ::1 at 2019-12-03 17:19:24 -0500
Processing by UsersController#create as JSON
  Parameters: {"name"=>"yo", "password"=>"[FILTERED]", "email"=>"yo", "user"=>{"name"=>"yo", "password"=>"[FILTERED]", "email"=>"yo"}}
  [1m[35m (1.4ms)[0m  [1m[35mBEGIN[0m
  ↳ app/controllers/users_controller.rb:8:in `create'
  [1m[36mUser Create (2.4ms)[0m  [1m[32mINSERT INTO "users" ("name", "email", "created_at", "updated_at") VALUES ($1, $2, $3, $4) RETURNING "id"[0m  [["name", "yo"], ["email", "yo"], ["created_at", "2019-12-03 22:19:24.684273"], ["updated_at", "2019-12-03 22:19:24.684273"]]
  ↳ app/controllers/users_controller.rb:8:in `create'
  [1m[35m (1.9ms)[0m  [1m[35mCOMMIT[0m
  ↳ app/controllers/users_controller.rb:8:in `create'
Completed 200 OK in 15ms (Views: 0.6ms | ActiveRecord: 5.7ms | Allocations: 2302)


Started POST "/users" for ::1 at 2019-12-03 17:21:01 -0500
Processing by UsersController#create as JSON
  Parameters: {"name"=>"yo", "password"=>"[FILTERED]", "email"=>"yo", "user"=>{"name"=>"yo", "password"=>"[FILTERED]", "email"=>"yo"}}
  [1m[35m (0.3ms)[0m  [1m[35mBEGIN[0m
  ↳ app/controllers/users_controller.rb:8:in `create'
  [1m[36mUser Create (0.8ms)[0m  [1m[32mINSERT INTO "users" ("name", "email", "created_at", "updated_at") VALUES ($1, $2, $3, $4) RETURNING "id"[0m  [["name", "yo"], ["email", "yo"], ["created_at", "2019-12-03 22:21:01.267411"], ["updated_at", "2019-12-03 22:21:01.267411"]]
  ↳ app/controllers/users_controller.rb:8:in `create'
  [1m[35m (1.4ms)[0m  [1m[35mCOMMIT[0m
  ↳ app/controllers/users_controller.rb:8:in `create'
Completed 200 OK in 10ms (Views: 0.5ms | ActiveRecord: 2.5ms | Allocations: 2284)


Started POST "/users" for ::1 at 2019-12-03 17:21:58 -0500
Processing by UsersController#create as JSON
  Parameters: {"name"=>"yo", "password"=>"[FILTERED]", "email"=>"yo", "user"=>{"name"=>"yo", "password"=>"[FILTERED]", "email"=>"yo"}}
  [1m[35m (2.9ms)[0m  [1m[35mBEGIN[0m
  ↳ app/controllers/users_controller.rb:8:in `create'
  [1m[36mUser Create (4.6ms)[0m  [1m[32mINSERT INTO "users" ("name", "email", "created_at", "updated_at") VALUES ($1, $2, $3, $4) RETURNING "id"[0m  [["name", "yo"], ["email", "yo"], ["created_at", "2019-12-03 22:21:58.940611"], ["updated_at", "2019-12-03 22:21:58.940611"]]
  ↳ app/controllers/users_controller.rb:8:in `create'
  [1m[35m (5.9ms)[0m  [1m[35mCOMMIT[0m
  ↳ app/controllers/users_controller.rb:8:in `create'
Completed 200 OK in 24ms (Views: 0.5ms | ActiveRecord: 13.4ms | Allocations: 2284)


Started POST "/users" for ::1 at 2019-12-03 17:34:31 -0500
Processing by UsersController#create as JSON
  Parameters: {"name"=>"yo", "password"=>"[FILTERED]", "email"=>"yo", "user"=>{"name"=>"yo", "password"=>"[FILTERED]", "email"=>"yo"}}
  [1m[35m (0.3ms)[0m  [1m[35mBEGIN[0m
  ↳ app/controllers/users_controller.rb:8:in `create'
  [1m[36mUser Create (2.2ms)[0m  [1m[32mINSERT INTO "users" ("name", "email", "created_at", "updated_at") VALUES ($1, $2, $3, $4) RETURNING "id"[0m  [["name", "yo"], ["email", "yo"], ["created_at", "2019-12-03 22:34:31.227033"], ["updated_at", "2019-12-03 22:34:31.227033"]]
  ↳ app/controllers/users_controller.rb:8:in `create'
  [1m[35m (1.5ms)[0m  [1m[35mCOMMIT[0m
  ↳ app/controllers/users_controller.rb:8:in `create'
Completed 200 OK in 55ms (Views: 26.2ms | ActiveRecord: 4.0ms | Allocations: 2303)


Started POST "/users" for ::1 at 2019-12-03 17:39:44 -0500
Processing by UsersController#create as JSON
  Parameters: {"name"=>"yo", "password"=>"[FILTERED]", "email"=>"yo", "user"=>{"name"=>"yo", "password"=>"[FILTERED]", "email"=>"yo"}}
  [1m[35m (2.9ms)[0m  [1m[35mBEGIN[0m
  ↳ app/controllers/users_controller.rb:8:in `create'
  [1m[36mUser Create (4.8ms)[0m  [1m[32mINSERT INTO "users" ("name", "email", "created_at", "updated_at") VALUES ($1, $2, $3, $4) RETURNING "id"[0m  [["name", "yo"], ["email", "yo"], ["created_at", "2019-12-03 22:39:44.216194"], ["updated_at", "2019-12-03 22:39:44.216194"]]
  ↳ app/controllers/users_controller.rb:8:in `create'
  [1m[35m (50.8ms)[0m  [1m[35mCOMMIT[0m
  ↳ app/controllers/users_controller.rb:8:in `create'
Completed 200 OK in 81ms (Views: 0.6ms | ActiveRecord: 58.5ms | Allocations: 2284)


Started POST "/users" for ::1 at 2019-12-03 17:56:10 -0500
  [1m[35m (3.1ms)[0m  [1m[34mSELECT "schema_migrations"."version" FROM "schema_migrations" ORDER BY "schema_migrations"."version" ASC[0m
Processing by UsersController#create as JSON
  Parameters: {"name"=>"yo", "password"=>"[FILTERED]", "email"=>"yo", "user"=>{"name"=>"yo", "password"=>"[FILTERED]", "email"=>"yo"}}
  [1m[35m (0.7ms)[0m  [1m[35mBEGIN[0m
  ↳ app/controllers/users_controller.rb:8:in `create'
  [1m[36mUser Create (1.3ms)[0m  [1m[32mINSERT INTO "users" ("name", "email", "created_at", "updated_at") VALUES ($1, $2, $3, $4) RETURNING "id"[0m  [["name", "yo"], ["email", "yo"], ["created_at", "2019-12-03 22:56:10.879322"], ["updated_at", "2019-12-03 22:56:10.879322"]]
  ↳ app/controllers/users_controller.rb:8:in `create'
  [1m[35m (2.0ms)[0m  [1m[35mCOMMIT[0m
  ↳ app/controllers/users_controller.rb:8:in `create'
Completed 200 OK in 115ms (Views: 3.8ms | ActiveRecord: 71.5ms | Allocations: 6212)


Started POST "/users" for ::1 at 2019-12-03 17:57:30 -0500
Processing by UsersController#create as JSON
  Parameters: {"name"=>"yo", "password"=>"[FILTERED]", "user"=>{"name"=>"yo", "password"=>"[FILTERED]"}}
  [1m[35m (0.2ms)[0m  [1m[35mBEGIN[0m
  ↳ app/controllers/users_controller.rb:8:in `create'
  [1m[36mUser Create (0.5ms)[0m  [1m[32mINSERT INTO "users" ("name", "created_at", "updated_at") VALUES ($1, $2, $3) RETURNING "id"[0m  [["name", "yo"], ["created_at", "2019-12-03 22:57:30.921651"], ["updated_at", "2019-12-03 22:57:30.921651"]]
  ↳ app/controllers/users_controller.rb:8:in `create'
  [1m[35m (2.1ms)[0m  [1m[35mCOMMIT[0m
  ↳ app/controllers/users_controller.rb:8:in `create'
Completed 200 OK in 9ms (Views: 0.5ms | ActiveRecord: 2.8ms | Allocations: 2283)


Started POST "/login" for ::1 at 2019-12-04 09:24:54 -0500
  [1m[35m (9.2ms)[0m  [1m[34mSELECT "schema_migrations"."version" FROM "schema_migrations" ORDER BY "schema_migrations"."version" ASC[0m
  
SyntaxError (/Users/flatironschool/Development/code/Mod4/Mod4Project/mod-4-project-backend/app/controllers/users_controller.rb:13: syntax error, unexpected ']', expecting ')'
...r.find_by(name: params["name"]]
...                              ^):
  
app/controllers/users_controller.rb:13: syntax error, unexpected ']', expecting ')'
app/controllers/users_controller.rb:13: syntax error, unexpected ']', expecting ')'
Started POST "/login" for ::1 at 2019-12-04 09:25:21 -0500
Processing by UsersController#login as JSON
  Parameters: {"name"=>"yo", "password"=>"[FILTERED]", "user"=>{"name"=>"yo", "password"=>"[FILTERED]"}}
  [1m[36mUser Load (10.7ms)[0m  [1m[34mSELECT "users".* FROM "users" WHERE "users"."name" = $1 LIMIT $2[0m  [["name", "yo"], ["LIMIT", 1]]
  ↳ app/controllers/users_controller.rb:13:in `login'
Completed 200 OK in 139ms (Views: 0.5ms | ActiveRecord: 130.6ms | Allocations: 4829)


Started POST "/login" for ::1 at 2019-12-04 09:25:45 -0500
Processing by UsersController#login as JSON
  Parameters: {"name"=>"yo", "password"=>"[FILTERED]", "user"=>{"name"=>"yo", "password"=>"[FILTERED]"}}
  [1m[36mUser Load (0.4ms)[0m  [1m[34mSELECT "users".* FROM "users" WHERE "users"."name" = $1 LIMIT $2[0m  [["name", "yo"], ["LIMIT", 1]]
  ↳ app/controllers/users_controller.rb:13:in `login'
Completed 500 Internal Server Error in 15900ms (ActiveRecord: 12.0ms | Allocations: 68179)


  
SystemExit (exit):
  
(byebug):1:in `exit'
(byebug):1:in `login'
app/controllers/users_controller.rb:15:in `login'
Started POST "/login" for ::1 at 2019-12-04 09:27:29 -0500
Processing by UsersController#login as JSON
  Parameters: {"name"=>"yo", "password"=>"[FILTERED]", "user"=>{"name"=>"yo", "password"=>"[FILTERED]"}}
  [1m[36mUser Load (1.2ms)[0m  [1m[34mSELECT "users".* FROM "users" WHERE "users"."name" = $1 LIMIT $2[0m  [["name", "yo"], ["LIMIT", 1]]
  ↳ app/controllers/users_controller.rb:13:in `login'
Completed 200 OK in 121ms (Views: 4.9ms | ActiveRecord: 15.5ms | Allocations: 755764)


Started POST "/login" for ::1 at 2019-12-04 09:28:04 -0500
Processing by UsersController#login as JSON
  Parameters: {"name"=>"", "password"=>"[FILTERED]", "user"=>{"name"=>"", "password"=>"[FILTERED]"}}
  [1m[36mUser Load (1.1ms)[0m  [1m[34mSELECT "users".* FROM "users" WHERE "users"."name" = $1 LIMIT $2[0m  [["name", ""], ["LIMIT", 1]]
  ↳ app/controllers/users_controller.rb:13:in `login'
Completed 200 OK in 52ms (Views: 4.3ms | ActiveRecord: 1.1ms | Allocations: 195218)


Started POST "/login" for ::1 at 2019-12-04 09:28:18 -0500
Processing by UsersController#login as JSON
  Parameters: {"name"=>"yo", "password"=>"[FILTERED]", "user"=>{"name"=>"yo", "password"=>"[FILTERED]"}}
  [1m[36mUser Load (2.0ms)[0m  [1m[34mSELECT "users".* FROM "users" WHERE "users"."name" = $1 LIMIT $2[0m  [["name", "yo"], ["LIMIT", 1]]
  ↳ app/controllers/users_controller.rb:13:in `login'
Completed 200 OK in 116ms (Views: 2.5ms | ActiveRecord: 2.0ms | Allocations: 272115)


Started POST "/login" for ::1 at 2019-12-04 09:28:39 -0500
Processing by UsersController#login as JSON
  Parameters: {"name"=>"yo", "password"=>"[FILTERED]", "user"=>{"name"=>"yo", "password"=>"[FILTERED]"}}
  [1m[36mUser Load (6.5ms)[0m  [1m[34mSELECT "users".* FROM "users" WHERE "users"."name" = $1 LIMIT $2[0m  [["name", "yo"], ["LIMIT", 1]]
  ↳ app/controllers/users_controller.rb:13:in `login'
Completed 200 OK in 96ms (Views: 2.2ms | ActiveRecord: 6.5ms | Allocations: 297883)


Started POST "/login" for ::1 at 2019-12-04 09:28:39 -0500
Processing by UsersController#login as JSON
  Parameters: {"name"=>"yo", "password"=>"[FILTERED]", "user"=>{"name"=>"yo", "password"=>"[FILTERED]"}}
  [1m[36mUser Load (2.6ms)[0m  [1m[34mSELECT "users".* FROM "users" WHERE "users"."name" = $1 LIMIT $2[0m  [["name", "yo"], ["LIMIT", 1]]
  ↳ app/controllers/users_controller.rb:13:in `login'
Completed 200 OK in 91ms (Views: 3.2ms | ActiveRecord: 3.7ms | Allocations: 347250)


Started POST "/login" for ::1 at 2019-12-04 09:28:43 -0500
Processing by UsersController#login as JSON
  Parameters: {"name"=>"yo", "password"=>"[FILTERED]", "user"=>{"name"=>"yo", "password"=>"[FILTERED]"}}
  [1m[36mUser Load (1.6ms)[0m  [1m[34mSELECT "users".* FROM "users" WHERE "users"."name" = $1 LIMIT $2[0m  [["name", "yo"], ["LIMIT", 1]]
  ↳ app/controllers/users_controller.rb:13:in `login'
Completed 200 OK in 133ms (Views: 19.4ms | ActiveRecord: 1.6ms | Allocations: 293753)


Started POST "/login" for ::1 at 2019-12-04 09:29:59 -0500
Processing by UsersController#login as JSON
  Parameters: {"name"=>"yo", "password"=>"[FILTERED]", "user"=>{"name"=>"yo", "password"=>"[FILTERED]"}}
  [1m[36mUser Load (2.3ms)[0m  [1m[34mSELECT "users".* FROM "users" WHERE "users"."name" = $1 LIMIT $2[0m  [["name", "yo"], ["LIMIT", 1]]
  ↳ app/controllers/users_controller.rb:13:in `login'
Completed 200 OK in 94ms (Views: 22.9ms | ActiveRecord: 2.3ms | Allocations: 294117)


Started POST "/login" for ::1 at 2019-12-04 09:30:03 -0500
Processing by UsersController#login as JSON
  Parameters: {"name"=>"yo", "password"=>"[FILTERED]", "user"=>{"name"=>"yo", "password"=>"[FILTERED]"}}
  [1m[36mUser Load (1.2ms)[0m  [1m[34mSELECT "users".* FROM "users" WHERE "users"."name" = $1 LIMIT $2[0m  [["name", "yo"], ["LIMIT", 1]]
  ↳ app/controllers/users_controller.rb:13:in `login'
Completed 200 OK in 62ms (Views: 8.2ms | ActiveRecord: 1.2ms | Allocations: 293755)


Started POST "/login" for ::1 at 2019-12-04 09:30:04 -0500
Processing by UsersController#login as JSON
  Parameters: {"name"=>"yo", "password"=>"[FILTERED]", "user"=>{"name"=>"yo", "password"=>"[FILTERED]"}}
  [1m[36mUser Load (5.1ms)[0m  [1m[34mSELECT "users".* FROM "users" WHERE "users"."name" = $1 LIMIT $2[0m  [["name", "yo"], ["LIMIT", 1]]
  ↳ app/controllers/users_controller.rb:13:in `login'
Completed 200 OK in 73ms (Views: 2.0ms | ActiveRecord: 5.1ms | Allocations: 293751)


Started POST "/login" for ::1 at 2019-12-04 09:30:42 -0500
Processing by UsersController#login as JSON
  Parameters: {"name"=>"yo", "password"=>"[FILTERED]", "user"=>{"name"=>"yo", "password"=>"[FILTERED]"}}
  [1m[36mUser Load (1.2ms)[0m  [1m[34mSELECT "users".* FROM "users" WHERE "users"."name" = $1 LIMIT $2[0m  [["name", "yo"], ["LIMIT", 1]]
  ↳ app/controllers/users_controller.rb:13:in `login'
Completed 200 OK in 58ms (Views: 9.7ms | ActiveRecord: 1.2ms | Allocations: 293755)


Started POST "/login" for ::1 at 2019-12-04 09:33:13 -0500
Processing by UsersController#login as JSON
  Parameters: {"name"=>"yo", "password"=>"[FILTERED]", "user"=>{"name"=>"yo", "password"=>"[FILTERED]"}}
  [1m[36mUser Load (1.3ms)[0m  [1m[34mSELECT "users".* FROM "users" WHERE "users"."name" = $1 LIMIT $2[0m  [["name", "yo"], ["LIMIT", 1]]
  ↳ app/controllers/users_controller.rb:13:in `login'
Completed 200 OK in 138ms (Views: 35.4ms | ActiveRecord: 1.3ms | Allocations: 293755)


Started GET "/" for ::1 at 2019-12-04 09:33:22 -0500
Processing by Rails::WelcomeController#index as HTML
  Rendering /Users/flatironschool/.rvm/gems/ruby-2.6.1/gems/railties-6.0.1/lib/rails/templates/rails/welcome/index.html.erb
  Rendered /Users/flatironschool/.rvm/gems/ruby-2.6.1/gems/railties-6.0.1/lib/rails/templates/rails/welcome/index.html.erb (Duration: 25.6ms | Allocations: 40308)
Completed 200 OK in 186ms (Views: 132.9ms | ActiveRecord: 0.0ms | Allocations: 371972)


Started POST "/login" for ::1 at 2019-12-04 09:33:34 -0500
Processing by UsersController#login as JSON
  Parameters: {"name"=>"hello", "password"=>"[FILTERED]", "user"=>{"name"=>"hello", "password"=>"[FILTERED]"}}
  [1m[36mUser Load (1.9ms)[0m  [1m[34mSELECT "users".* FROM "users" WHERE "users"."name" = $1 LIMIT $2[0m  [["name", "hello"], ["LIMIT", 1]]
  ↳ app/controllers/users_controller.rb:13:in `login'
Completed 200 OK in 59ms (Views: 11.1ms | ActiveRecord: 1.9ms | Allocations: 262406)


Started POST "/login" for ::1 at 2019-12-04 09:33:52 -0500
Processing by UsersController#login as JSON
  Parameters: {"name"=>"hello", "password"=>"[FILTERED]", "user"=>{"name"=>"hello", "password"=>"[FILTERED]"}}
  [1m[36mUser Load (1.3ms)[0m  [1m[34mSELECT "users".* FROM "users" WHERE "users"."name" = $1 LIMIT $2[0m  [["name", "hello"], ["LIMIT", 1]]
  ↳ app/controllers/users_controller.rb:13:in `login'
Completed 200 OK in 106ms (Views: 31.4ms | ActiveRecord: 1.3ms | Allocations: 262406)


Started POST "/login" for ::1 at 2019-12-04 09:35:16 -0500
Processing by UsersController#login as JSON
  Parameters: {"name"=>"hello", "password"=>"[FILTERED]", "user"=>{"name"=>"hello", "password"=>"[FILTERED]"}}
  [1m[36mUser Load (6.3ms)[0m  [1m[34mSELECT "users".* FROM "users" WHERE "users"."name" = $1 LIMIT $2[0m  [["name", "hello"], ["LIMIT", 1]]
  ↳ app/controllers/users_controller.rb:13:in `login'
Completed 200 OK in 72ms (Views: 13.5ms | ActiveRecord: 6.3ms | Allocations: 263290)


Started POST "/login" for ::1 at 2019-12-04 09:35:42 -0500
Processing by UsersController#login as JSON
  Parameters: {"name"=>"yo", "password"=>"[FILTERED]", "user"=>{"name"=>"yo", "password"=>"[FILTERED]"}}
  [1m[36mUser Load (4.0ms)[0m  [1m[34mSELECT "users".* FROM "users" WHERE "users"."name" = $1 LIMIT $2[0m  [["name", "yo"], ["LIMIT", 1]]
  ↳ app/controllers/users_controller.rb:13:in `login'
Completed 200 OK in 87ms (Views: 3.6ms | ActiveRecord: 4.0ms | Allocations: 337025)


Started POST "/login" for ::1 at 2019-12-04 09:44:12 -0500
Processing by UsersController#login as JSON
  Parameters: {"name"=>"hellur", "password"=>"[FILTERED]", "user"=>{"name"=>"hellur", "password"=>"[FILTERED]"}}
  [1m[36mUser Load (1.9ms)[0m  [1m[34mSELECT "users".* FROM "users" WHERE "users"."name" = $1 LIMIT $2[0m  [["name", "hellur"], ["LIMIT", 1]]
  ↳ app/controllers/users_controller.rb:13:in `login'
Completed 204 No Content in 66ms (ActiveRecord: 4.6ms | Allocations: 375201)


Started POST "/login" for ::1 at 2019-12-04 09:44:30 -0500
Processing by UsersController#login as JSON
  Parameters: {"name"=>"hellur", "password"=>"[FILTERED]", "user"=>{"name"=>"hellur", "password"=>"[FILTERED]"}}
  [1m[36mUser Load (14.1ms)[0m  [1m[34mSELECT "users".* FROM "users" WHERE "users"."name" = $1 LIMIT $2[0m  [["name", "hellur"], ["LIMIT", 1]]
  ↳ app/controllers/users_controller.rb:13:in `login'
Completed 204 No Content in 78ms (ActiveRecord: 14.1ms | Allocations: 229889)


Started POST "/login" for ::1 at 2019-12-04 09:44:37 -0500
Processing by UsersController#login as JSON
  Parameters: {"name"=>"hellur", "password"=>"[FILTERED]", "user"=>{"name"=>"hellur", "password"=>"[FILTERED]"}}
  [1m[36mUser Load (2.7ms)[0m  [1m[34mSELECT "users".* FROM "users" WHERE "users"."name" = $1 LIMIT $2[0m  [["name", "hellur"], ["LIMIT", 1]]
  ↳ app/controllers/users_controller.rb:13:in `login'
Completed 204 No Content in 59ms (ActiveRecord: 2.7ms | Allocations: 229891)


Started POST "/login" for ::1 at 2019-12-04 09:44:43 -0500
Processing by UsersController#login as JSON
  Parameters: {"name"=>"yo", "password"=>"[FILTERED]", "user"=>{"name"=>"yo", "password"=>"[FILTERED]"}}
  [1m[36mUser Load (1.8ms)[0m  [1m[34mSELECT "users".* FROM "users" WHERE "users"."name" = $1 LIMIT $2[0m  [["name", "yo"], ["LIMIT", 1]]
  ↳ app/controllers/users_controller.rb:13:in `login'
Completed 200 OK in 147ms (Views: 1.5ms | ActiveRecord: 1.8ms | Allocations: 981076)


Started POST "/login" for ::1 at 2019-12-04 09:47:00 -0500
Processing by UsersController#login as JSON
  Parameters: {"name"=>"yo", "password"=>"[FILTERED]", "user"=>{"name"=>"yo", "password"=>"[FILTERED]"}}
  [1m[36mUser Load (1.5ms)[0m  [1m[34mSELECT "users".* FROM "users" WHERE "users"."name" = $1 LIMIT $2[0m  [["name", "yo"], ["LIMIT", 1]]
  ↳ app/controllers/users_controller.rb:13:in `login'
Completed 200 OK in 61ms (Views: 1.6ms | ActiveRecord: 1.5ms | Allocations: 337070)


Started POST "/login" for ::1 at 2019-12-04 09:47:57 -0500
Processing by UsersController#login as JSON
  Parameters: {"name"=>"yo", "password"=>"[FILTERED]", "user"=>{"name"=>"yo", "password"=>"[FILTERED]"}}
  [1m[36mUser Load (3.2ms)[0m  [1m[34mSELECT "users".* FROM "users" WHERE "users"."name" = $1 LIMIT $2[0m  [["name", "yo"], ["LIMIT", 1]]
  ↳ app/controllers/users_controller.rb:13:in `login'
Completed 200 OK in 87ms (Views: 3.5ms | ActiveRecord: 3.2ms | Allocations: 337070)


Started POST "/login" for ::1 at 2019-12-04 09:48:33 -0500
Processing by UsersController#login as JSON
  Parameters: {"name"=>"yo", "password"=>"[FILTERED]", "user"=>{"name"=>"yo", "password"=>"[FILTERED]"}}
  [1m[36mUser Load (1.9ms)[0m  [1m[34mSELECT "users".* FROM "users" WHERE "users"."name" = $1 LIMIT $2[0m  [["name", "yo"], ["LIMIT", 1]]
  ↳ app/controllers/users_controller.rb:13:in `login'
Completed 200 OK in 68ms (Views: 1.6ms | ActiveRecord: 1.9ms | Allocations: 337072)


Started POST "/login" for ::1 at 2019-12-04 09:50:31 -0500
Processing by UsersController#login as JSON
  Parameters: {"name"=>"yo", "password"=>"[FILTERED]", "user"=>{"name"=>"yo", "password"=>"[FILTERED]"}}
  [1m[36mUser Load (3.6ms)[0m  [1m[34mSELECT "users".* FROM "users" WHERE "users"."name" = $1 LIMIT $2[0m  [["name", "yo"], ["LIMIT", 1]]
  ↳ app/controllers/users_controller.rb:13:in `login'
Completed 200 OK in 72ms (Views: 3.5ms | ActiveRecord: 3.6ms | Allocations: 337072)


Started POST "/login" for ::1 at 2019-12-04 09:51:04 -0500
Processing by UsersController#login as JSON
  Parameters: {"name"=>"yo", "password"=>"[FILTERED]", "user"=>{"name"=>"yo", "password"=>"[FILTERED]"}}
  [1m[36mUser Load (2.8ms)[0m  [1m[34mSELECT "users".* FROM "users" WHERE "users"."name" = $1 LIMIT $2[0m  [["name", "yo"], ["LIMIT", 1]]
  ↳ app/controllers/users_controller.rb:13:in `login'
Completed 200 OK in 92ms (Views: 11.0ms | ActiveRecord: 2.8ms | Allocations: 337074)


Started POST "/users" for ::1 at 2019-12-04 10:07:00 -0500
  [1m[35m (47.1ms)[0m  [1m[34mSELECT "schema_migrations"."version" FROM "schema_migrations" ORDER BY "schema_migrations"."version" ASC[0m
Processing by UsersController#create as JSON
  Parameters: {"name"=>"Joseph", "password"=>"[FILTERED]", "email"=>"yo", "user"=>{"name"=>"Joseph", "password"=>"[FILTERED]", "email"=>"yo"}}
  [1m[35m (42.6ms)[0m  [1m[35mBEGIN[0m
  ↳ app/controllers/users_controller.rb:8:in `create'
  [1m[36mUser Create (18.2ms)[0m  [1m[32mINSERT INTO "users" ("name", "email", "created_at", "updated_at") VALUES ($1, $2, $3, $4) RETURNING "id"[0m  [["name", "Joseph"], ["email", "yo"], ["created_at", "2019-12-04 15:07:00.887304"], ["updated_at", "2019-12-04 15:07:00.887304"]]
  ↳ app/controllers/users_controller.rb:8:in `create'
  [1m[35m (2.3ms)[0m  [1m[35mCOMMIT[0m
  ↳ app/controllers/users_controller.rb:8:in `create'
Completed 200 OK in 136ms (Views: 2.1ms | ActiveRecord: 121.6ms | Allocations: 6212)


Started POST "/users" for ::1 at 2019-12-04 10:07:09 -0500
Processing by UsersController#create as JSON
  Parameters: {"name"=>"Joseph", "password"=>"[FILTERED]", "email"=>"yo", "user"=>{"name"=>"Joseph", "password"=>"[FILTERED]", "email"=>"yo"}}
  [1m[35m (0.2ms)[0m  [1m[35mBEGIN[0m
  ↳ app/controllers/users_controller.rb:8:in `create'
  [1m[36mUser Create (0.4ms)[0m  [1m[32mINSERT INTO "users" ("name", "email", "created_at", "updated_at") VALUES ($1, $2, $3, $4) RETURNING "id"[0m  [["name", "Joseph"], ["email", "yo"], ["created_at", "2019-12-04 15:07:09.052380"], ["updated_at", "2019-12-04 15:07:09.052380"]]
  ↳ app/controllers/users_controller.rb:8:in `create'
  [1m[35m (48.6ms)[0m  [1m[35mCOMMIT[0m
  ↳ app/controllers/users_controller.rb:8:in `create'
Completed 200 OK in 56ms (Views: 0.9ms | ActiveRecord: 49.3ms | Allocations: 2302)


Started POST "/users" for ::1 at 2019-12-04 10:07:36 -0500
Processing by UsersController#create as JSON
  Parameters: {"name"=>"Joseph", "password"=>"[FILTERED]", "email"=>"yo", "user"=>{"name"=>"Joseph", "password"=>"[FILTERED]", "email"=>"yo"}}
  [1m[35m (0.4ms)[0m  [1m[35mBEGIN[0m
  ↳ app/controllers/users_controller.rb:8:in `create'
  [1m[36mUser Create (0.6ms)[0m  [1m[32mINSERT INTO "users" ("name", "email", "created_at", "updated_at") VALUES ($1, $2, $3, $4) RETURNING "id"[0m  [["name", "Joseph"], ["email", "yo"], ["created_at", "2019-12-04 15:07:36.380914"], ["updated_at", "2019-12-04 15:07:36.380914"]]
  ↳ app/controllers/users_controller.rb:8:in `create'
  [1m[35m (43.1ms)[0m  [1m[35mCOMMIT[0m
  ↳ app/controllers/users_controller.rb:8:in `create'
Completed 200 OK in 51ms (Views: 0.6ms | ActiveRecord: 44.1ms | Allocations: 2302)


Started POST "/users" for ::1 at 2019-12-04 10:09:29 -0500
Processing by UsersController#create as JSON
  Parameters: {"name"=>"Yoseph", "password"=>"[FILTERED]", "email"=>"yo", "user"=>{"name"=>"Yoseph", "password"=>"[FILTERED]", "email"=>"yo"}}
  [1m[35m (0.7ms)[0m  [1m[35mBEGIN[0m
  ↳ app/controllers/users_controller.rb:8:in `create'
  [1m[36mUser Create (19.5ms)[0m  [1m[32mINSERT INTO "users" ("name", "email", "created_at", "updated_at") VALUES ($1, $2, $3, $4) RETURNING "id"[0m  [["name", "Yoseph"], ["email", "yo"], ["created_at", "2019-12-04 15:09:29.196768"], ["updated_at", "2019-12-04 15:09:29.196768"]]
  ↳ app/controllers/users_controller.rb:8:in `create'
  [1m[35m (6.5ms)[0m  [1m[35mCOMMIT[0m
  ↳ app/controllers/users_controller.rb:8:in `create'
Completed 200 OK in 35ms (Views: 0.9ms | ActiveRecord: 26.7ms | Allocations: 2302)


Started POST "/users" for ::1 at 2019-12-04 10:09:52 -0500
Processing by UsersController#create as JSON
  Parameters: {"name"=>"yo", "password"=>"[FILTERED]", "email"=>"yo", "user"=>{"name"=>"yo", "password"=>"[FILTERED]", "email"=>"yo"}}
  [1m[35m (26.0ms)[0m  [1m[35mBEGIN[0m
  ↳ app/controllers/users_controller.rb:8:in `create'
  [1m[36mUser Create (11.1ms)[0m  [1m[32mINSERT INTO "users" ("name", "email", "created_at", "updated_at") VALUES ($1, $2, $3, $4) RETURNING "id"[0m  [["name", "yo"], ["email", "yo"], ["created_at", "2019-12-04 15:09:52.999582"], ["updated_at", "2019-12-04 15:09:52.999582"]]
  ↳ app/controllers/users_controller.rb:8:in `create'
  [1m[35m (2.8ms)[0m  [1m[35mCOMMIT[0m
  ↳ app/controllers/users_controller.rb:8:in `create'
Completed 200 OK in 48ms (Views: 0.7ms | ActiveRecord: 39.9ms | Allocations: 2284)


Started POST "/users" for ::1 at 2019-12-04 10:11:33 -0500
Processing by UsersController#create as JSON
  Parameters: {"name"=>"yoseph", "password"=>"[FILTERED]", "email"=>"jo", "user"=>{"name"=>"yoseph", "password"=>"[FILTERED]", "email"=>"jo"}}
  [1m[35m (0.3ms)[0m  [1m[35mBEGIN[0m
  ↳ app/controllers/users_controller.rb:8:in `create'
  [1m[36mUser Create (0.6ms)[0m  [1m[32mINSERT INTO "users" ("name", "email", "created_at", "updated_at") VALUES ($1, $2, $3, $4) RETURNING "id"[0m  [["name", "yoseph"], ["email", "jo"], ["created_at", "2019-12-04 15:11:33.570575"], ["updated_at", "2019-12-04 15:11:33.570575"]]
  ↳ app/controllers/users_controller.rb:8:in `create'
  [1m[35m (115.8ms)[0m  [1m[35mCOMMIT[0m
  ↳ app/controllers/users_controller.rb:8:in `create'
Completed 200 OK in 123ms (Views: 0.5ms | ActiveRecord: 116.7ms | Allocations: 2284)


Started POST "/users" for ::1 at 2019-12-04 10:11:57 -0500
Processing by UsersController#create as JSON
  Parameters: {"name"=>"joseph", "password"=>"[FILTERED]", "email"=>"yo", "user"=>{"name"=>"joseph", "password"=>"[FILTERED]", "email"=>"yo"}}
  [1m[35m (10.9ms)[0m  [1m[35mBEGIN[0m
  ↳ app/controllers/users_controller.rb:8:in `create'
  [1m[36mUser Create (2.8ms)[0m  [1m[32mINSERT INTO "users" ("name", "email", "created_at", "updated_at") VALUES ($1, $2, $3, $4) RETURNING "id"[0m  [["name", "joseph"], ["email", "yo"], ["created_at", "2019-12-04 15:11:57.750745"], ["updated_at", "2019-12-04 15:11:57.750745"]]
  ↳ app/controllers/users_controller.rb:8:in `create'
  [1m[35m (1.4ms)[0m  [1m[35mCOMMIT[0m
  ↳ app/controllers/users_controller.rb:8:in `create'
Completed 200 OK in 24ms (Views: 0.5ms | ActiveRecord: 15.1ms | Allocations: 2284)


Started POST "/users" for ::1 at 2019-12-04 10:14:34 -0500
Processing by UsersController#create as JSON
  Parameters: {"name"=>"hello", "password"=>"[FILTERED]", "email"=>"yo", "user"=>{"name"=>"hello", "password"=>"[FILTERED]", "email"=>"yo"}}
  [1m[35m (0.5ms)[0m  [1m[35mBEGIN[0m
  ↳ app/controllers/users_controller.rb:8:in `create'
  [1m[36mUser Create (2.2ms)[0m  [1m[32mINSERT INTO "users" ("name", "email", "created_at", "updated_at") VALUES ($1, $2, $3, $4) RETURNING "id"[0m  [["name", "hello"], ["email", "yo"], ["created_at", "2019-12-04 15:14:34.205880"], ["updated_at", "2019-12-04 15:14:34.205880"]]
  ↳ app/controllers/users_controller.rb:8:in `create'
  [1m[35m (40.7ms)[0m  [1m[35mCOMMIT[0m
  ↳ app/controllers/users_controller.rb:8:in `create'
Completed 200 OK in 66ms (Views: 6.8ms | ActiveRecord: 43.4ms | Allocations: 2284)


Started POST "/login" for ::1 at 2019-12-04 10:15:18 -0500
Processing by UsersController#login as JSON
  Parameters: {"name"=>"yo", "password"=>"[FILTERED]", "user"=>{"name"=>"yo", "password"=>"[FILTERED]"}}
  [1m[36mUser Load (1.7ms)[0m  [1m[34mSELECT "users".* FROM "users" WHERE "users"."name" = $1 LIMIT $2[0m  [["name", "yo"], ["LIMIT", 1]]
  ↳ app/controllers/users_controller.rb:13:in `login'
Completed 200 OK in 40ms (Views: 0.2ms | ActiveRecord: 2.3ms | Allocations: 2764)


Started POST "/login" for ::1 at 2019-12-04 10:22:25 -0500
Processing by UsersController#login as JSON
  Parameters: {"name"=>"yo", "password"=>"[FILTERED]", "user"=>{"name"=>"yo", "password"=>"[FILTERED]"}}
  [1m[36mUser Load (0.7ms)[0m  [1m[34mSELECT "users".* FROM "users" WHERE "users"."name" = $1 LIMIT $2[0m  [["name", "yo"], ["LIMIT", 1]]
  ↳ app/controllers/users_controller.rb:13:in `login'
Completed 200 OK in 5ms (Views: 0.1ms | ActiveRecord: 1.0ms | Allocations: 798)


Started POST "/login" for ::1 at 2019-12-04 10:23:12 -0500
Processing by UsersController#login as JSON
  Parameters: {"name"=>"yo", "password"=>"[FILTERED]", "user"=>{"name"=>"yo", "password"=>"[FILTERED]"}}
  [1m[36mUser Load (0.5ms)[0m  [1m[34mSELECT "users".* FROM "users" WHERE "users"."name" = $1 LIMIT $2[0m  [["name", "yo"], ["LIMIT", 1]]
  ↳ app/controllers/users_controller.rb:13:in `login'
Completed 200 OK in 3ms (Views: 0.1ms | ActiveRecord: 0.5ms | Allocations: 711)


Started POST "/login" for ::1 at 2019-12-04 10:27:26 -0500
Processing by UsersController#login as JSON
  Parameters: {"name"=>"yo", "password"=>"[FILTERED]", "user"=>{"name"=>"yo", "password"=>"[FILTERED]"}}
  [1m[36mUser Load (1.0ms)[0m  [1m[34mSELECT "users".* FROM "users" WHERE "users"."name" = $1 LIMIT $2[0m  [["name", "yo"], ["LIMIT", 1]]
  ↳ app/controllers/users_controller.rb:13:in `login'
Completed 200 OK in 18ms (Views: 4.5ms | ActiveRecord: 1.0ms | Allocations: 711)


Started POST "/login" for ::1 at 2019-12-04 10:28:08 -0500
Processing by UsersController#login as JSON
  Parameters: {"name"=>"yo", "password"=>"[FILTERED]", "user"=>{"name"=>"yo", "password"=>"[FILTERED]"}}
  [1m[36mUser Load (0.6ms)[0m  [1m[34mSELECT "users".* FROM "users" WHERE "users"."name" = $1 LIMIT $2[0m  [["name", "yo"], ["LIMIT", 1]]
  ↳ app/controllers/users_controller.rb:13:in `login'
Completed 200 OK in 3ms (Views: 0.1ms | ActiveRecord: 0.6ms | Allocations: 727)


Started POST "/login" for ::1 at 2019-12-04 10:28:59 -0500
Processing by UsersController#login as JSON
  Parameters: {"name"=>"yo", "password"=>"[FILTERED]", "user"=>{"name"=>"yo", "password"=>"[FILTERED]"}}
  [1m[36mUser Load (0.6ms)[0m  [1m[34mSELECT "users".* FROM "users" WHERE "users"."name" = $1 LIMIT $2[0m  [["name", "yo"], ["LIMIT", 1]]
  ↳ app/controllers/users_controller.rb:13:in `login'
Completed 200 OK in 3ms (Views: 0.1ms | ActiveRecord: 0.6ms | Allocations: 710)


Started POST "/login" for ::1 at 2019-12-04 10:31:53 -0500
Processing by UsersController#login as JSON
  Parameters: {"name"=>"yo", "password"=>"[FILTERED]", "user"=>{"name"=>"yo", "password"=>"[FILTERED]"}}
  [1m[36mUser Load (3.7ms)[0m  [1m[34mSELECT "users".* FROM "users" WHERE "users"."name" = $1 LIMIT $2[0m  [["name", "yo"], ["LIMIT", 1]]
  ↳ app/controllers/users_controller.rb:13:in `login'
Completed 200 OK in 6ms (Views: 0.1ms | ActiveRecord: 3.7ms | Allocations: 710)


Started POST "/login" for ::1 at 2019-12-04 10:41:15 -0500
Processing by UsersController#login as JSON
  Parameters: {"name"=>"yo", "password"=>"[FILTERED]", "user"=>{"name"=>"yo", "password"=>"[FILTERED]"}}
  [1m[36mUser Load (0.8ms)[0m  [1m[34mSELECT "users".* FROM "users" WHERE "users"."name" = $1 LIMIT $2[0m  [["name", "yo"], ["LIMIT", 1]]
  ↳ app/controllers/users_controller.rb:13:in `login'
Completed 200 OK in 5ms (Views: 0.3ms | ActiveRecord: 1.0ms | Allocations: 797)


Started POST "/login" for ::1 at 2019-12-04 10:41:24 -0500
Processing by UsersController#login as JSON
  Parameters: {"name"=>"yo", "password"=>"[FILTERED]", "user"=>{"name"=>"yo", "password"=>"[FILTERED]"}}
  [1m[36mUser Load (0.8ms)[0m  [1m[34mSELECT "users".* FROM "users" WHERE "users"."name" = $1 LIMIT $2[0m  [["name", "yo"], ["LIMIT", 1]]
  ↳ app/controllers/users_controller.rb:13:in `login'
Completed 200 OK in 3ms (Views: 0.1ms | ActiveRecord: 0.8ms | Allocations: 710)


Started POST "/login" for ::1 at 2019-12-04 10:43:17 -0500
Processing by UsersController#login as JSON
  Parameters: {"name"=>"yo", "password"=>"[FILTERED]", "user"=>{"name"=>"yo", "password"=>"[FILTERED]"}}
  [1m[36mUser Load (0.6ms)[0m  [1m[34mSELECT "users".* FROM "users" WHERE "users"."name" = $1 LIMIT $2[0m  [["name", "yo"], ["LIMIT", 1]]
  ↳ app/controllers/users_controller.rb:13:in `login'
Completed 200 OK in 3ms (Views: 0.1ms | ActiveRecord: 0.6ms | Allocations: 710)


Started POST "/login" for ::1 at 2019-12-04 10:48:47 -0500
Processing by UsersController#login as JSON
  Parameters: {"name"=>"yo", "password"=>"[FILTERED]", "user"=>{"name"=>"yo", "password"=>"[FILTERED]"}}
  [1m[36mUser Load (0.6ms)[0m  [1m[34mSELECT "users".* FROM "users" WHERE "users"."name" = $1 LIMIT $2[0m  [["name", "yo"], ["LIMIT", 1]]
  ↳ app/controllers/users_controller.rb:13:in `login'
Completed 200 OK in 3ms (Views: 0.1ms | ActiveRecord: 0.6ms | Allocations: 710)


Started POST "/login" for ::1 at 2019-12-04 10:52:44 -0500
Processing by UsersController#login as JSON
  Parameters: {"name"=>"yo", "password"=>"[FILTERED]", "user"=>{"name"=>"yo", "password"=>"[FILTERED]"}}
  [1m[36mUser Load (1.3ms)[0m  [1m[34mSELECT "users".* FROM "users" WHERE "users"."name" = $1 LIMIT $2[0m  [["name", "yo"], ["LIMIT", 1]]
  ↳ app/controllers/users_controller.rb:13:in `login'
Completed 200 OK in 7ms (Views: 0.5ms | ActiveRecord: 1.3ms | Allocations: 711)


Started POST "/login" for ::1 at 2019-12-04 10:54:12 -0500
Processing by UsersController#login as JSON
  Parameters: {"name"=>"yo", "password"=>"[FILTERED]", "user"=>{"name"=>"yo", "password"=>"[FILTERED]"}}
  [1m[36mUser Load (0.7ms)[0m  [1m[34mSELECT "users".* FROM "users" WHERE "users"."name" = $1 LIMIT $2[0m  [["name", "yo"], ["LIMIT", 1]]
  ↳ app/controllers/users_controller.rb:13:in `login'
Completed 200 OK in 3ms (Views: 0.1ms | ActiveRecord: 0.7ms | Allocations: 710)


Started POST "/login" for ::1 at 2019-12-04 10:54:28 -0500
Processing by UsersController#login as JSON
  Parameters: {"name"=>"yo", "password"=>"[FILTERED]", "user"=>{"name"=>"yo", "password"=>"[FILTERED]"}}
  [1m[36mUser Load (1.0ms)[0m  [1m[34mSELECT "users".* FROM "users" WHERE "users"."name" = $1 LIMIT $2[0m  [["name", "yo"], ["LIMIT", 1]]
  ↳ app/controllers/users_controller.rb:13:in `login'
Completed 200 OK in 3ms (Views: 0.2ms | ActiveRecord: 1.0ms | Allocations: 710)


Started POST "/login" for ::1 at 2019-12-04 10:57:17 -0500
Processing by UsersController#login as JSON
  Parameters: {"name"=>"yo", "password"=>"[FILTERED]", "user"=>{"name"=>"yo", "password"=>"[FILTERED]"}}
  [1m[36mUser Load (0.5ms)[0m  [1m[34mSELECT "users".* FROM "users" WHERE "users"."name" = $1 LIMIT $2[0m  [["name", "yo"], ["LIMIT", 1]]
  ↳ app/controllers/users_controller.rb:13:in `login'
Completed 200 OK in 2ms (Views: 0.1ms | ActiveRecord: 0.5ms | Allocations: 710)


Started POST "/login" for ::1 at 2019-12-04 11:18:06 -0500
Processing by UsersController#login as JSON
  Parameters: {"name"=>"yo", "password"=>"[FILTERED]", "user"=>{"name"=>"yo", "password"=>"[FILTERED]"}}
  [1m[36mUser Load (0.9ms)[0m  [1m[34mSELECT "users".* FROM "users" WHERE "users"."name" = $1 LIMIT $2[0m  [["name", "yo"], ["LIMIT", 1]]
  ↳ app/controllers/users_controller.rb:13:in `login'
Completed 200 OK in 16ms (Views: 0.7ms | ActiveRecord: 1.2ms | Allocations: 796)


Started POST "/login" for ::1 at 2019-12-04 11:22:57 -0500
  [1m[35m (1.9ms)[0m  [1m[34mSELECT "schema_migrations"."version" FROM "schema_migrations" ORDER BY "schema_migrations"."version" ASC[0m
Processing by UsersController#login as JSON
  Parameters: {"name"=>"yo", "password"=>"[FILTERED]", "user"=>{"name"=>"yo", "password"=>"[FILTERED]"}}
  [1m[36mUser Load (1.1ms)[0m  [1m[34mSELECT "users".* FROM "users" WHERE "users"."name" = $1 LIMIT $2[0m  [["name", "yo"], ["LIMIT", 1]]
  ↳ app/controllers/users_controller.rb:13:in `login'
Completed 200 OK in 49ms (Views: 0.3ms | ActiveRecord: 45.6ms | Allocations: 4820)


Started POST "/login" for ::1 at 2019-12-04 11:23:08 -0500
Processing by UsersController#login as JSON
  Parameters: {"name"=>"yo", "password"=>"[FILTERED]", "user"=>{"name"=>"yo", "password"=>"[FILTERED]"}}
  [1m[36mUser Load (0.5ms)[0m  [1m[34mSELECT "users".* FROM "users" WHERE "users"."name" = $1 LIMIT $2[0m  [["name", "yo"], ["LIMIT", 1]]
  ↳ app/controllers/users_controller.rb:13:in `login'
Completed 200 OK in 3ms (Views: 0.1ms | ActiveRecord: 0.5ms | Allocations: 727)


Started POST "/login" for ::1 at 2019-12-04 11:23:47 -0500
Processing by UsersController#login as JSON
  Parameters: {"name"=>"yo", "password"=>"[FILTERED]", "user"=>{"name"=>"yo", "password"=>"[FILTERED]"}}
  [1m[36mUser Load (0.5ms)[0m  [1m[34mSELECT "users".* FROM "users" WHERE "users"."name" = $1 LIMIT $2[0m  [["name", "yo"], ["LIMIT", 1]]
  ↳ app/controllers/users_controller.rb:13:in `login'
Completed 200 OK in 2ms (Views: 0.1ms | ActiveRecord: 0.5ms | Allocations: 727)


Started POST "/login" for ::1 at 2019-12-04 11:24:18 -0500
Processing by UsersController#login as JSON
  Parameters: {"name"=>"yo", "password"=>"[FILTERED]", "user"=>{"name"=>"yo", "password"=>"[FILTERED]"}}
  [1m[36mUser Load (22.6ms)[0m  [1m[34mSELECT "users".* FROM "users" WHERE "users"."name" = $1 LIMIT $2[0m  [["name", "yo"], ["LIMIT", 1]]
  ↳ app/controllers/users_controller.rb:13:in `login'
Completed 200 OK in 25ms (Views: 0.2ms | ActiveRecord: 22.6ms | Allocations: 727)


Started POST "/login" for ::1 at 2019-12-04 11:49:50 -0500
Processing by UsersController#login as JSON
  Parameters: {"name"=>"yo", "password"=>"[FILTERED]", "user"=>{"name"=>"yo", "password"=>"[FILTERED]"}}
  [1m[36mUser Load (0.9ms)[0m  [1m[34mSELECT "users".* FROM "users" WHERE "users"."name" = $1 LIMIT $2[0m  [["name", "yo"], ["LIMIT", 1]]
  ↳ app/controllers/users_controller.rb:13:in `login'
Completed 200 OK in 5ms (Views: 0.3ms | ActiveRecord: 1.1ms | Allocations: 796)


Started POST "/login" for ::1 at 2019-12-04 12:07:22 -0500
Processing by UsersController#login as JSON
  Parameters: {"name"=>"yo", "password"=>"[FILTERED]", "user"=>{"name"=>"yo", "password"=>"[FILTERED]"}}
  [1m[36mUser Load (0.8ms)[0m  [1m[34mSELECT "users".* FROM "users" WHERE "users"."name" = $1 LIMIT $2[0m  [["name", "yo"], ["LIMIT", 1]]
  ↳ app/controllers/users_controller.rb:13:in `login'
Completed 200 OK in 12ms (Views: 0.6ms | ActiveRecord: 1.1ms | Allocations: 797)


Started POST "/login" for ::1 at 2019-12-04 12:10:12 -0500
Processing by UsersController#login as JSON
  Parameters: {"name"=>"yo", "password"=>"[FILTERED]", "user"=>{"name"=>"yo", "password"=>"[FILTERED]"}}
  [1m[36mUser Load (0.8ms)[0m  [1m[34mSELECT "users".* FROM "users" WHERE "users"."name" = $1 LIMIT $2[0m  [["name", "yo"], ["LIMIT", 1]]
  ↳ app/controllers/users_controller.rb:13:in `login'
Completed 200 OK in 3ms (Views: 0.1ms | ActiveRecord: 0.8ms | Allocations: 710)


Started POST "/login" for ::1 at 2019-12-04 12:20:26 -0500
Processing by UsersController#login as JSON
  Parameters: {"name"=>"yo", "password"=>"[FILTERED]", "user"=>{"name"=>"yo", "password"=>"[FILTERED]"}}
  [1m[36mUser Load (0.7ms)[0m  [1m[34mSELECT "users".* FROM "users" WHERE "users"."name" = $1 LIMIT $2[0m  [["name", "yo"], ["LIMIT", 1]]
  ↳ app/controllers/users_controller.rb:13:in `login'
Completed 200 OK in 11ms (Views: 0.6ms | ActiveRecord: 1.1ms | Allocations: 797)


